SF:/Users/danielchung/Desktop/MarcasAutos/MarcasAutos/Program.cs
FN:6,System.Void Program::Main(System.String[])
FNDA:0,System.Void Program::Main(System.String[])
DA:7,0
DA:9,0
DA:12,0
DA:15,0
DA:18,0
DA:21,0
DA:22,0
FN:24,System.Void Program::ConfigureServices(Microsoft.AspNetCore.Builder.WebApplicationBuilder)
FNDA:1,System.Void Program::ConfigureServices(Microsoft.AspNetCore.Builder.WebApplicationBuilder)
DA:25,1
DA:27,1
DA:29,1
DA:32,1
DA:35,1
DA:38,1
DA:39,0
DA:40,1
DA:41,1
FN:43,System.Void Program::ConfigureApp(Microsoft.AspNetCore.Builder.WebApplication)
FNDA:0,System.Void Program::ConfigureApp(Microsoft.AspNetCore.Builder.WebApplication)
DA:44,0
DA:46,0
DA:47,0
DA:49,0
DA:50,0
DA:51,0
DA:54,0
DA:57,0
DA:58,0
BRDA:46,14,0,0
BRDA:46,14,1,0
LF:25
LH:8
BRF:2
BRH:0
FNF:3
FNH:1
end_of_record
SF:/Users/danielchung/Desktop/MarcasAutos/MarcasAutos/Migrations/20240817054611_InitialMigration.cs
FN:12,System.Void MarcasAutos.Migrations.InitialMigration::Up(Microsoft.EntityFrameworkCore.Migrations.MigrationBuilder)
FNDA:0,System.Void MarcasAutos.Migrations.InitialMigration::Up(Microsoft.EntityFrameworkCore.Migrations.MigrationBuilder)
DA:13,0
DA:14,0
DA:15,0
DA:16,0
DA:17,0
DA:18,0
DA:19,0
DA:20,0
DA:21,0
DA:22,0
DA:23,0
DA:24,0
DA:25,0
DA:26,0
DA:27,0
FN:30,System.Void MarcasAutos.Migrations.InitialMigration::Down(Microsoft.EntityFrameworkCore.Migrations.MigrationBuilder)
FNDA:0,System.Void MarcasAutos.Migrations.InitialMigration::Down(Microsoft.EntityFrameworkCore.Migrations.MigrationBuilder)
DA:31,0
DA:32,0
DA:33,0
DA:34,0
LF:19
LH:0
BRF:0
BRH:0
FNF:2
FNH:0
end_of_record
SF:/Users/danielchung/Desktop/MarcasAutos/MarcasAutos/Migrations/20240817054611_InitialMigration.Designer.cs
FN:18,System.Void MarcasAutos.Migrations.InitialMigration::BuildTargetModel(Microsoft.EntityFrameworkCore.ModelBuilder)
FNDA:0,System.Void MarcasAutos.Migrations.InitialMigration::BuildTargetModel(Microsoft.EntityFrameworkCore.ModelBuilder)
DA:19,0
DA:21,0
DA:22,0
DA:23,0
DA:25,0
DA:27,0
DA:28,0
DA:29,0
DA:30,0
DA:31,0
DA:32,0
DA:33,0
DA:34,0
DA:35,0
DA:36,0
DA:37,0
DA:38,0
DA:39,0
DA:40,0
DA:41,0
DA:42,0
DA:43,0
DA:44,0
DA:45,0
DA:46,0
DA:48,0
LF:26
LH:0
BRF:0
BRH:0
FNF:1
FNH:0
end_of_record
SF:/Users/danielchung/Desktop/MarcasAutos/MarcasAutos/Migrations/20240817054625_DataSeed.cs
FN:13,System.Void MarcasAutos.Migrations.DataSeed::Up(Microsoft.EntityFrameworkCore.Migrations.MigrationBuilder)
FNDA:0,System.Void MarcasAutos.Migrations.DataSeed::Up(Microsoft.EntityFrameworkCore.Migrations.MigrationBuilder)
DA:14,0
DA:15,0
DA:16,0
DA:17,0
DA:18,0
DA:19,0
DA:20,0
DA:21,0
DA:22,0
DA:23,0
DA:24,0
DA:25,0
DA:26,0
FN:29,System.Void MarcasAutos.Migrations.DataSeed::Down(Microsoft.EntityFrameworkCore.Migrations.MigrationBuilder)
FNDA:0,System.Void MarcasAutos.Migrations.DataSeed::Down(Microsoft.EntityFrameworkCore.Migrations.MigrationBuilder)
DA:30,0
DA:31,0
DA:32,0
DA:33,0
DA:34,0
DA:36,0
DA:37,0
DA:38,0
DA:39,0
DA:41,0
DA:42,0
DA:43,0
DA:44,0
DA:46,0
DA:47,0
DA:48,0
DA:49,0
DA:51,0
DA:52,0
DA:53,0
DA:54,0
DA:55,0
LF:35
LH:0
BRF:0
BRH:0
FNF:2
FNH:0
end_of_record
SF:/Users/danielchung/Desktop/MarcasAutos/MarcasAutos/Migrations/20240817054625_DataSeed.Designer.cs
FN:18,System.Void MarcasAutos.Migrations.DataSeed::BuildTargetModel(Microsoft.EntityFrameworkCore.ModelBuilder)
FNDA:0,System.Void MarcasAutos.Migrations.DataSeed::BuildTargetModel(Microsoft.EntityFrameworkCore.ModelBuilder)
DA:19,0
DA:21,0
DA:22,0
DA:23,0
DA:25,0
DA:27,0
DA:28,0
DA:29,0
DA:30,0
DA:31,0
DA:32,0
DA:33,0
DA:34,0
DA:35,0
DA:36,0
DA:37,0
DA:38,0
DA:39,0
DA:40,0
DA:41,0
DA:42,0
DA:43,0
DA:44,0
DA:45,0
DA:46,0
DA:47,0
DA:48,0
DA:49,0
DA:50,0
DA:51,0
DA:52,0
DA:53,0
DA:54,0
DA:55,0
DA:56,0
DA:57,0
DA:58,0
DA:59,0
DA:60,0
DA:61,0
DA:62,0
DA:63,0
DA:64,0
DA:65,0
DA:66,0
DA:67,0
DA:68,0
DA:69,0
DA:70,0
DA:71,0
DA:72,0
DA:73,0
DA:74,0
DA:75,0
DA:76,0
DA:77,0
DA:78,0
DA:80,0
LF:58
LH:0
BRF:0
BRH:0
FNF:1
FNH:0
end_of_record
SF:/Users/danielchung/Desktop/MarcasAutos/MarcasAutos/Migrations/MarcaAutosDbContextModelSnapshot.cs
FN:15,System.Void MarcasAutos.Migrations.MarcaAutosDbContextModelSnapshot::BuildModel(Microsoft.EntityFrameworkCore.ModelBuilder)
FNDA:0,System.Void MarcasAutos.Migrations.MarcaAutosDbContextModelSnapshot::BuildModel(Microsoft.EntityFrameworkCore.ModelBuilder)
DA:16,0
DA:18,0
DA:19,0
DA:20,0
DA:22,0
DA:24,0
DA:25,0
DA:26,0
DA:27,0
DA:28,0
DA:29,0
DA:30,0
DA:31,0
DA:32,0
DA:33,0
DA:34,0
DA:35,0
DA:36,0
DA:37,0
DA:38,0
DA:39,0
DA:40,0
DA:41,0
DA:42,0
DA:43,0
DA:44,0
DA:45,0
DA:46,0
DA:47,0
DA:48,0
DA:49,0
DA:50,0
DA:51,0
DA:52,0
DA:53,0
DA:54,0
DA:55,0
DA:56,0
DA:57,0
DA:58,0
DA:59,0
DA:60,0
DA:61,0
DA:62,0
DA:63,0
DA:64,0
DA:65,0
DA:66,0
DA:67,0
DA:68,0
DA:69,0
DA:70,0
DA:71,0
DA:72,0
DA:73,0
DA:74,0
DA:75,0
DA:77,0
LF:58
LH:0
BRF:0
BRH:0
FNF:1
FNH:0
end_of_record
SF:/Users/danielchung/Desktop/MarcasAutos/MarcasAutos/Entities/MarcaAuto.cs
FN:5,System.Int32 MarcasAutos.Entities.MarcaAuto::get_Id()
FNDA:30,System.Int32 MarcasAutos.Entities.MarcaAuto::get_Id()
DA:6,30
FN:7,System.String MarcasAutos.Entities.MarcaAuto::get_Nombre()
FNDA:23,System.String MarcasAutos.Entities.MarcaAuto::get_Nombre()
DA:8,23
FN:9,System.String MarcasAutos.Entities.MarcaAuto::get_Creador()
FNDA:44,System.String MarcasAutos.Entities.MarcaAuto::get_Creador()
DA:10,44
LF:3
LH:3
BRF:0
BRH:0
FNF:3
FNH:3
end_of_record
SF:/Users/danielchung/Desktop/MarcasAutos/MarcasAutos/Data/MarcasAutosDbContext.cs
FN:12,Microsoft.EntityFrameworkCore.DbSet`1<MarcasAutos.Entities.MarcaAuto> MarcasAutos.Data.MarcasAutosDbContext::get_MarcasAutos()
FNDA:17,Microsoft.EntityFrameworkCore.DbSet`1<MarcasAutos.Entities.MarcaAuto> MarcasAutos.Data.MarcasAutosDbContext::get_MarcasAutos()
DA:13,17
FN:16,System.Void MarcasAutos.Data.MarcasAutosDbContext::OnModelCreating(Microsoft.EntityFrameworkCore.ModelBuilder)
FNDA:2,System.Void MarcasAutos.Data.MarcasAutosDbContext::OnModelCreating(Microsoft.EntityFrameworkCore.ModelBuilder)
DA:17,2
DA:18,2
DA:19,2
DA:20,2
DA:21,2
DA:22,2
DA:23,2
DA:24,2
DA:25,2
FN:7,System.Void MarcasAutos.Data.MarcasAutosDbContext::.ctor(Microsoft.EntityFrameworkCore.DbContextOptions`1<MarcasAutos.Data.MarcasAutosDbContext>)
FNDA:6,System.Void MarcasAutos.Data.MarcasAutosDbContext::.ctor(Microsoft.EntityFrameworkCore.DbContextOptions`1<MarcasAutos.Data.MarcasAutosDbContext>)
DA:8,6
DA:9,6
DA:11,6
LF:13
LH:13
BRF:0
BRH:0
FNF:3
FNH:3
end_of_record
SF:/Users/danielchung/Desktop/MarcasAutos/MarcasAutos/Controllers/MarcasAutosController.cs
FN:14,System.Void MarcasAutos.Controllers.MarcasAutosController::.ctor(MarcasAutos.Data.MarcasAutosDbContext)
FNDA:4,System.Void MarcasAutos.Controllers.MarcasAutosController::.ctor(MarcasAutos.Data.MarcasAutosDbContext)
DA:15,4
DA:16,4
DA:17,4
DA:18,4
FN:35,System.Void MarcasAutos.Controllers.MarcasAutosController/<GetTodasMarcas>d__2::MoveNext()
FNDA:3,System.Void MarcasAutos.Controllers.MarcasAutosController/<GetTodasMarcas>d__2::MoveNext()
DA:36,3
DA:37,3
DA:38,2
DA:39,2
LF:8
LH:8
BRF:0
BRH:0
FNF:2
FNH:2
end_of_record